<?xml version="1.0" encoding="UTF-8"?>
<!-- Generated by org.testng.reporters.JUnitXMLReporter -->
<testsuite ignored="3" hostname="DESKTOP-90VMOB5" failures="0" tests="2" name="Test" time="41.363" errors="0" timestamp="2024-02-17T19:30:49 IST">
  <testcase classname="testscripts.LoginTest" name="verifyThatTheUserCanLoginWithValidCredentials" time="6.307"/>
  <testcase classname="testscripts.ManageOfferCodeTest" name="verifyWhetherTheUserIsAbleToAddANewOfferCodeInTheManageOfferCodePage" time="6.215"/>
  <testcase classname="testscripts.LoginTest" name="verifyThatTheUserWillGetAnErrorMessageWhenTheSignInButtonIsClickedWithAnInvalidUsernameAndInvalidPassword" time="0.0">
    <ignored/>
  </testcase> <!-- verifyThatTheUserWillGetAnErrorMessageWhenTheSignInButtonIsClickedWithAnInvalidUsernameAndInvalidPassword -->
  <testcase classname="testscripts.LoginTest" name="verifyThatTheUserWillGetAnErrorMessageWhenTheSignInButtonIsClickedWithAnInvalidUsernameAndValidPassword" time="0.0">
    <ignored/>
  </testcase> <!-- verifyThatTheUserWillGetAnErrorMessageWhenTheSignInButtonIsClickedWithAnInvalidUsernameAndValidPassword -->
  <testcase classname="testscripts.LoginTest" name="verifyThatTheUserWillGetAnErrorMessageWhenTheSignInButtonIsClickedWithValidUsernameAndInvalidPassword" time="0.0">
    <ignored/>
  </testcase> <!-- verifyThatTheUserWillGetAnErrorMessageWhenTheSignInButtonIsClickedWithValidUsernameAndInvalidPassword -->
</testsuite> <!-- Test -->
