<?xml version="1.0" encoding="UTF-8"?>
<!-- Generated by org.testng.reporters.JUnitXMLReporter -->
<testsuite ignored="3" hostname="DESKTOP-90VMOB5" failures="0" tests="1" name="EdgeTest" time="47.518" errors="0" timestamp="2024-02-14T07:34:14 IST">
  <testcase classname="testscripts.LoginTest" name="verifyThatTheUserCanLoginWithValidCredentials" time="8.727"/>
  <testcase classname="testscripts.LoginTest" name="verifyThatTheUserWillGetAnErrorMessageWhenTheSignInButtonIsClickedWithAnInvalidUsernameAndValidPassword" time="0.0">
    <ignored/>
  </testcase> <!-- verifyThatTheUserWillGetAnErrorMessageWhenTheSignInButtonIsClickedWithAnInvalidUsernameAndValidPassword -->
  <testcase classname="testscripts.LoginTest" name="verifyThatTheUserWillGetAnErrorMessageWhenTheSignInButtonIsClickedWithValidUsernameAndInvalidPassword" time="0.0">
    <ignored/>
  </testcase> <!-- verifyThatTheUserWillGetAnErrorMessageWhenTheSignInButtonIsClickedWithValidUsernameAndInvalidPassword -->
  <testcase classname="testscripts.LoginTest" name="verifyThatTheUserWillGetAnErrorMessageWhenTheSignInButtonIsClickedWithAnInvalidUsernameAndInvalidPassword" time="0.0">
    <ignored/>
  </testcase> <!-- verifyThatTheUserWillGetAnErrorMessageWhenTheSignInButtonIsClickedWithAnInvalidUsernameAndInvalidPassword -->
</testsuite> <!-- EdgeTest -->
