<?xml version="1.0" encoding="UTF-8"?>
<!-- Generated by org.testng.reporters.JUnitXMLReporter -->
<testsuite ignored="2" hostname="DESKTOP-90VMOB5" failures="0" tests="2" name="Test" time="21.289" errors="0" timestamp="2024-02-14T07:21:30 IST">
  <testcase classname="testscripts.LoginTest" name="verifyThatTheUserCanLoginWithValidCredentials" time="3.896"/>
  <testcase classname="testscripts.LoginTest" name="verifyThatTheUserWillGetAnErrorMessageWhenTheSignInButtonIsClickedWithAnInvalidUsernameAndValidPassword" time="0.794"/>
  <testcase classname="testscripts.LoginTest" name="verifyThatTheUserWillGetAnErrorMessageWhenTheSignInButtonIsClickedWithAnInvalidUsernameAndInvalidPassword" time="0.0">
    <ignored/>
  </testcase> <!-- verifyThatTheUserWillGetAnErrorMessageWhenTheSignInButtonIsClickedWithAnInvalidUsernameAndInvalidPassword -->
  <testcase classname="testscripts.LoginTest" name="verifyThatTheUserWillGetAnErrorMessageWhenTheSignInButtonIsClickedWithValidUsernameAndInvalidPassword" time="0.0">
    <ignored/>
  </testcase> <!-- verifyThatTheUserWillGetAnErrorMessageWhenTheSignInButtonIsClickedWithValidUsernameAndInvalidPassword -->
</testsuite> <!-- Test -->
